



           @@@@@   @@  @@  @@@@@     @@@@    @@@@@@  @@@@@@    @@@@@
           @@  @@  @@  @@  @@  @@   @@  @@   @@@@@@  @@       @@
           @@  @@  @@  @@  @@  @@  @@    @@    @@    @@      @@
           @@@@@    @@@@   @@@@@   @@    @@    @@    @@@@    @@
           @@        @@    @@ @@   @@    @@    @@    @@      @@
           @@        @@    @@ @@    @@  @@     @@    @@       @@
           @@        @@    @@  @@    @@@@      @@    @@@@@@    @@@@@


      P R O C E S S   S I M U L A T I O N   A N D   O P T I M I Z A T I O N




            *******************************************************
            *                                                     *
            *                                 a)                  *
            *                     E  F  P  S                      *
            *                    -------------                    *
            *                                                     *
            *          RIGOROUS STEAM CRACKER SIMULATION          *
            *                                                     *
            *             EFPS VERSION   6   - REV.08             *
            *                 KINETIC SCHEME 9306                 *
            *              MODULE VERSIONS INSTALLED :            *
            *              SPYRO               :6.8               *
            *                FEED LICENCE      :AGO               *
            *              TES                 :5.4               *
            *                KINETICS.INCLUDED : Y                *
            *              FIREBOX             :3.7               *
            *              CONVEC              :5.4               *
            *                KINETICS.INCLUDED : Y                *
            *                                                     *
            *******************************************************

               INSTALLED BY TECHNIP BENELUX B.V., THE NETHERLANDS



     FOR ADDITIONAL SERVICE, PLEASE CONTACT : 

     TECHNIP BENELUX B.V.                    TECHNIP USA CORP.
     PYROTEC DIVISION                        PYROTEC DIVISION
     BREDEWATER 26                           555 WEST ARROW HIGHWAY
     P.O. BOX 86                             CLAREMONT
     2700 AB ZOETERMEER                      CA 91711-4805
     THE NETHERLANDS                         U.S.A.
     TEL: (31)-79-3293531                    TEL: (909)-447-3600 MAIN
     FAX: (31)-79-3293573                    FAX: (909)-447-3700



     a)    COPYRIGHT  :   2006   TECHNIP BENELUX B.V. / PYROTEC DIVISION          


     SPYRO INPUT PROCESSING STARTS
     *****************************



     SPYRO - WARNING NR: 39

     INLET TEMP ABOVE NORMAL RANGE - CHECK FEED CONVERSION                 



     SPYRO INPUT FILE
     ****************

     TOTAL NUMBER OF  0 FATAL ERRORS DETECTED
     TOTAL NUMBER OF  1 WARNINGS DETECTED



     SPYRO INPUT PROCESSING ENDS
     ***************************



                                                           * * *   * * *
                                                          *     * *     *
     EFPS - VER. 6    REV.08 K.S.9306                    * P Y R O T E C *
     ********************************                     *     * *     *
     COPYRIGHT  -  2006  TECHNIP BENELUX B.V.              * * *   * * *

     CLIENT   : TOTAL PETROCHEMICALS RESEARCH FELUY - EFPS 6                
     JOB NAME : SPYRO ETHANE FURNACE NC3                
     ACCOUNT  : MJ                 USER    : TPRF            
     DATE     : JAN 01, 2000       TIME    : 00:00:00





     INTEGRATION STEPSIZE SETTING:   120

     COMPLETE KINETIC SCHEME USED FOR FIRST ESTIMATION

     OUTPUT OPTION: CONDENSED (FINAL CONVERGENCE ONLY)



     TITLE: B100 Ethane for TRA Off gases study 2010
     **************************************************************************

     CONVERGENCE ON   C2H6   CONVERSION =   0.5500
     **************************************************************************


     **********************************************************************
     RADIANT COIL OUTPUT
     **********************************************************************

     HYDROCARBON FLOWRATE    3250.00 KG/H
     STEAM FLOWRATE           975.00 KG/H
     INLET TEMPERATURE         662.0 C
     REQUIRED OUTLET TEMP      825.0 C
     OUTLET PRESSURE            2.25 KG/CM2 ABS

     RADIANT TUBE FOULING COEFF.  0.00010 (H*M2*C/KCAL)


     **************************************************************************
     MAIN FEED COMPOSITION (%WT. )

     C2H4    0.52   C2H6   98.61   C3H6    0.82   C3H8    0.04   C3H4    0.01



     RESULTS FOR FINAL CONVERGENCE POINT
     -----------------------------------


     DECOMPOSITION PROFILE OF           C2H6
     AUX. DECOMPOSITION PROFILE OF      C2H6


     **************************************************************************
  TUBE CH4   C2H4  C3H6  C4H*  C5+   KEY   AUX   C.TIME TEMP.  MMW.  HCPP IHCPP
       ( ... WEIGHT FRACTIONS ...  ) DEC.  DEC.  (SEC)  (C)          ( KG/CM2 )
  1    0.000 0.015 0.008 0.000 0.000 0.011 0.011 0.096  726.1  25.9  2.71  2.73
  2    0.001 0.046 0.006 0.001 0.000 0.045 0.045 0.171  751.1  25.4  2.68  2.71
  3    0.003 0.088 0.005 0.002 0.000 0.091 0.091 0.241  761.7  24.7  2.66  2.70
  4    0.004 0.129 0.004 0.003 0.000 0.138 0.138 0.307  769.5  24.0  2.62  2.69
  5    0.006 0.170 0.004 0.004 0.000 0.185 0.185 0.369  776.4  23.4  2.58  2.67
  6    0.008 0.209 0.004 0.005 0.001 0.232 0.232 0.427  782.8  22.8  2.53  2.66
  7    0.011 0.246 0.005 0.007 0.001 0.278 0.278 0.482  789.0  22.2  2.48  2.64
  8    0.014 0.282 0.005 0.008 0.002 0.323 0.323 0.534  795.1  21.7  2.41  2.62
  9    0.017 0.313 0.006 0.009 0.003 0.364 0.364 0.578  801.8  21.3  2.31  2.60
 10    0.020 0.344 0.007 0.011 0.005 0.406 0.406 0.618  807.8  20.8  2.19  2.58
 11    0.024 0.374 0.008 0.012 0.007 0.446 0.446 0.655  813.6  20.4  2.06  2.55
 12    0.028 0.401 0.009 0.013 0.009 0.485 0.485 0.689  819.5  20.1  1.90  2.52
 13    0.033 0.427 0.010 0.014 0.011 0.523 0.523 0.719  825.5  19.7  1.72  2.49
 14    0.034 0.433 0.010 0.014 0.011 0.531 0.531 0.725  819.0  19.7  1.68  2.49
 14    0.035 0.437 0.010 0.015 0.012 0.537 0.537 0.732  814.2  19.6  1.69  2.48
 14    0.035 0.440 0.011 0.015 0.012 0.542 0.542 0.738  810.4  19.6  1.69  2.47
 14    0.036 0.442 0.011 0.015 0.013 0.546 0.546 0.745  807.3  19.5  1.69  2.47
 14    0.037 0.444 0.011 0.015 0.013 0.550 0.550 0.751  804.7  19.5  1.69  2.46

     PROCESS TEMPERATURE AT MEASUREMENT LOCATION        821.92 C


     STEAM IN EFFLUENT (WT%)    =     23.036
     H/C ATOMIC RATIO           =      2.985
     H/C A. RAT. WITHOUT CO-CO2 =      2.987



                                EFFLUENT COMPOSITION

     %WEIGHT (DRY BASIS)                                  %VOLUME (DRY BASIS)
     *********************                                *********************

     H2       3.29                                        H2      32.65
     CH4      3.65                                        CH4      4.55
  ** CO       0.03                                     ** CO       0.05
  ** CO2      0.00                                     ** CO2      0.01
     -------------             C4-CUT                     -------------
              6.98    6.98              ABS.    REL.              37.25   37.25
     C2H2     0.18             C4AC     0.01    0.99      C2H2     0.13
     C2H4    44.43             C4H6     0.86   57.70      C2H4    31.66
     C2H6    44.38             1C4H8    0.09    6.00      C2H6    29.50
     -------------             CC4H8    0.03    1.83      -------------
             88.99   95.97     TC4H8    0.04    2.53              61.29   98.55
     MEAC     0.01             IC4H8    0.00    0.11      MEAC     0.00
     C3--     0.01             NC4++    0.46   30.81      C3--     0.00
     C3H6     1.09             IC4++    0.00    0.03      C3H6     0.52
     C3H8     0.17             ---------------------      C3H8     0.08
     -------------                      1.49  100.00      -------------
              1.27   97.24                                         0.60   99.15
     C4H6     0.87             C5-CUT                     C4H6     0.32
     C4H8     0.16                      ABS.    REL.      C4H8     0.06
     C4H10    0.46             C5PAR    0.00    0.00      C4H10    0.16
     -------------             P1       0.02    6.37      -------------
              1.49   98.73     P2       0.00    1.01               0.54   99.68
                               B1M2     0.00    0.01
                               B1M3     0.00    0.63
                               B2M2     0.00    0.00
                               PTD      0.02    4.77
                               ISOPR    0.00    0.19
     C5TOT    0.39             CYC5+    0.00    0.19      C5TOT    0.12
     BENZ     0.59             CYC5-    0.13   32.88      BENZ     0.15
     C6 NA    0.03             CC5--    0.21   53.96      C6 NA    0.01
     TOLUO    0.07             ---------------------      TOLUO    0.02
     C7 NA    0.01                      0.39  100.00      C7 NA    0.00
     OXILO    0.00                                        OXILO    0.00
     MXILO    0.00                                        MXILO    0.00
     PXILO    0.00                                        PXILO    0.00
     EBENZ    0.00                                        EBENZ    0.00
     STYR     0.05                                        STYR     0.01
     C8 NA    0.00                                        C8 NA    0.00
     C9 AR    0.01             C12+                       C9 AR    0.00
     C9 NA    0.00                      ABS.     H/C      C9 NA    0.00
     C10      0.04             C12/16   0.01   0.758      C10      0.01
     C11      0.01             C17/24   0.03   0.763      C11      0.00
     C12+     0.06             C25+     0.03   0.636      C12+     0.00
     -------------                                        -------------
              1.27  100.00                                         0.32  100.00

     H/C ATOMIC RATIO(C5+)    1.1266     ** CO AND CO2 ARE REPORTED AS CARBON
     H/C ATOMIC RATIO(C10+)   0.7505
     H/C ATOMIC RATIO(C12+)   0.7092
     AVG. MOL. WEIGHT C1216   204.33
     AVG. MOL. WEIGHT C1724   210.26
     AVG. MOL. WEIGHT C25+    417.90


     INLET PRESSURE      4.12  KG/CM2 A

     **************************************************************************
     SECTION  N.  1     RADIANT WALL TEMPERATURE   1119. C
                        RADIATING GAS TEMPERATURE  1289. C
                        FIRING PATTERN ADJUSTMENT   0.10

     TUBE                    1         2         3         4         5

     VIEW FACTOR           0.81      0.81      0.81      0.81      0.81
     LAYOUT             IN-LINE   IN-LINE   IN-LINE   IN-LINE   IN-LINE
     PITCH/OD              1.87      1.87      1.87      1.87      1.87
     BEND RES.(D.N.)      20.00     20.00     20.00     20.00     20.00
     CORR.FRIC.FACTOR      1.25      1.25      1.25      1.25      1.25
     SURF. ROUGH.(MM)      0.03      0.03      0.03      0.03      0.03
     CORR.HEAT.TRANS.      1.00      1.00      1.00      1.00      1.00

     INTERNAL DIAM(M)    0.1207    0.1207    0.1207    0.1207    0.1207
     COKE TCKN.   (M)    0.0005    0.0025    0.0025    0.0025    0.0025
     TUBE TCKN.   (M)    0.0076    0.0076    0.0076    0.0076    0.0076
     EQUIV.LENGTH (M)      7.50      6.70      6.70      6.70      6.70

     INTERNAL TEMP(C)      726.      751.      762.      769.      776.
     PRESS.(KG/CM2 A)      4.05      3.96      3.87      3.77      3.67
     AVER. HEAT FLUX     91518.    82450.    79079.    76598.    74328.
     BASED ON CLEAN INTERNAL SURFACE (KCAL/M2/H)

     LOCAL CONDITIONS (AT MAXIMUM TUBESKIN TEMPERATURE)
     --------------------------------------------------

     LOCATION (PERC)      100.0     100.0     100.0     100.0     100.0

     PEAK/AV.HEATFLUX     1.095     1.157     1.158     1.160     1.161
     COKING  (MM/MTH)       0.0       0.1       0.2       0.3       0.4
     AV.DT   ( C/DAY)       1.2       1.2       1.2       1.2       1.2
     INITIAL DT   (C)     32.90     29.95     28.30     26.83     25.46
     INIT.PERIOD(DAY)    295.72     73.60     27.44     16.61     11.85

     INTERNAL TEMP(C)      726.      751.      762.      769.      776.

     TUBEWALL TEMP(C)      900.      923.      928.      931.      934.
            +10 DAYS       933.      953.      957.      959.      960.
            +20 DAYS       933.      954.      957.      960.      961.
            +30 DAYS       933.      954.      958.      960.      962.
     MAX.TUB. TEMP(C)      917.      950.      954.      957.      959.
            +10 DAYS       953.      985.      988.      989.      990.
            +20 DAYS       953.      986.      989.      991.      992.
            +30 DAYS       953.      986.      990.      992.      994.
     LOCAL HEAT FLUX     87225.    80207.    77493.    75164.    72955.
     BASED ON CLEAN INTERNAL SURFACE (KCAL/M2/H)

     **************************************************************************
     TUBE                    6         7         8         9        10

     VIEW FACTOR           0.81      0.81      0.81      0.81      0.81
     LAYOUT             IN-LINE   IN-LINE   IN-LINE   IN-LINE   IN-LINE
     PITCH/OD              1.87      1.87      1.87      1.87      1.87
     BEND RES.(D.N.)      20.00     20.00     20.00     20.00     20.00
     CORR.FRIC.FACTOR      1.25      1.25      1.25      1.25      1.25
     SURF. ROUGH.(MM)      0.03      0.03      0.03      0.03      0.03
     CORR.HEAT.TRANS.      1.00      1.00      1.00      1.00      1.00

     INTERNAL DIAM(M)    0.1207    0.1207    0.1207    0.1207    0.1207
     COKE TCKN.   (M)    0.0025    0.0025    0.0025    0.0050    0.0050
     TUBE TCKN.   (M)    0.0076    0.0076    0.0076    0.0076    0.0076
     EQUIV.LENGTH (M)      6.70      6.70      6.70      6.70      6.70

     INTERNAL TEMP(C)      783.      789.      795.      802.      808.
     PRESS.(KG/CM2 A)      3.56      3.44      3.31      3.15      2.96
     AVER. HEAT FLUX     72144.    70008.    67898.    63139.    61096.
     BASED ON CLEAN INTERNAL SURFACE (KCAL/M2/H)

     LOCAL CONDITIONS (AT MAXIMUM TUBESKIN TEMPERATURE)
     --------------------------------------------------

     LOCATION (PERC)      100.0     100.0     100.0     100.0     100.0

     PEAK/AV.HEATFLUX     1.162     1.163     1.164     1.213     1.215
     COKING  (MM/MTH)       0.5       0.6       0.8       0.8       0.9
     AV.DT   ( C/DAY)       1.2       1.2       1.1       1.1       1.1
     INITIAL DT   (C)     24.16     22.90     21.68     19.89     18.77
     INIT.PERIOD(DAY)      9.15      7.39      6.14      5.62      4.81

     INTERNAL TEMP(C)      783.      789.      795.      802.      808.

     TUBEWALL TEMP(C)      936.      938.      940.      952.      953.
            +10 DAYS       961.      962.      963.      973.      974.
            +20 DAYS       963.      964.      965.      975.      976.
            +30 DAYS       964.      965.      967.      977.      978.
     MAX.TUB. TEMP(C)      961.      962.      964.      983.      984.
            +10 DAYS       991.      991.      992.     1010.     1010.
            +20 DAYS       993.      994.      994.     1013.     1013.
            +30 DAYS       995.      997.      998.     1016.     1016.
     LOCAL HEAT FLUX     70808.    68698.    66603.    61883.    59885.
     BASED ON CLEAN INTERNAL SURFACE (KCAL/M2/H)

     **************************************************************************
     TUBE                   11        12        13

     VIEW FACTOR           0.81      0.81      0.81
     LAYOUT             IN-LINE   IN-LINE   IN-LINE
     PITCH/OD              1.87      1.87      1.87
     BEND RES.(D.N.)      20.00     20.00     20.00
     CORR.FRIC.FACTOR      1.25      1.25      1.25
     SURF. ROUGH.(MM)      0.03      0.03      0.03
     CORR.HEAT.TRANS.      1.00      1.00      1.00

     INTERNAL DIAM(M)    0.1207    0.1207    0.1207
     COKE TCKN.   (M)    0.0050    0.0050    0.0050
     TUBE TCKN.   (M)    0.0076    0.0076    0.0076
     EQUIV.LENGTH (M)      6.70      6.70      6.70

     INTERNAL TEMP(C)      814.      819.      825.
     PRESS.(KG/CM2 A)      2.75      2.52      2.25
     AVER. HEAT FLUX     59099.    57104.    55101.
     BASED ON CLEAN INTERNAL SURFACE (KCAL/M2/H)

     LOCAL CONDITIONS (AT MAXIMUM TUBESKIN TEMPERATURE)
     --------------------------------------------------

     LOCATION (PERC)      100.0     100.0     100.0

     PEAK/AV.HEATFLUX     1.217     1.219     1.221
     COKING  (MM/MTH)       1.0       1.2       1.3
     AV.DT   ( C/DAY)       1.1       1.0       1.0
     INITIAL DT   (C)     17.67     16.59     15.51
     INIT.PERIOD(DAY)      4.16      3.62      3.17

     INTERNAL TEMP(C)      814.      819.      825.

     TUBEWALL TEMP(C)      954.      956.      957.
            +10 DAYS       974.      975.      975.
            +20 DAYS       976.      977.      977.
            +30 DAYS       978.      979.      980.
     MAX.TUB. TEMP(C)      985.      985.      986.
            +10 DAYS      1010.     1009.     1009.
            +20 DAYS      1013.     1013.     1013.
            +30 DAYS      1017.     1017.     1017.
     LOCAL HEAT FLUX     57903.    55916.    53918.
     BASED ON CLEAN INTERNAL SURFACE (KCAL/M2/H)

     **************************************************************************



     TRANSFER LINE CHARACTERISTICS      VOLUME      (LITERS)         80.00
                                        PRESSURE    (KG/CM2 ABS)      2.25
                                        FINAL TEMP. (C)             804.74


     AVG CORRECTION OF PROCESS TEMP (FILM CRACKING)     0.70  (C)
     FOURTH POWER AVERAGE TUBESKIN TEMPERATURE        933.81  (C)
     COIL OUTLET MASS VELOCITY                        121.94  (KG/M2/SEC)
     COIL OUTLET LINEAR VELOCITY                      258.94  (M/SEC)

     TOTAL THERMAL DUTY          0.23386E+07  (KCAL/H)
     AVERAGE HEAT FLUX           0.70162E+05  (KCAL/M2/H) CLEAN INSIDE SURFACE
     TOTAL COKE VOLUME           0.10584E+00  (M3)
     TOTAL COIL INSIDE VOLUME    0.10058E+01  (M3)
     TOTAL COIL INSIDE SURFACE   0.33331E+02  (M2)
     TOTAL COIL OUTSIDE SURFACE  0.37528E+02  (M2)
     TOTAL COIL WEIGHT           0.21541E+04  (KG)



     **************************************************************************
     ACTUAL VALUE FOR CONVERSION    0.54993
     REQUIRED VALUE                 0.55000
     **************************************************************************



          CONVERGENCE REACHED
          *******************

     *************************
     OVERVIEW REACTION VOLUMES
     *************************

     Stream          | T       CH4    C2H4   C3H6   C4H*   C5+    KeyC       P
     ----------------| [C]     [.......weight fractions.......]   Dec [kgf/cm2]
     Radiant coil in | 662.000 0.0000 0.0052 0.0082 0.0000 0.0000 0.0000  4.123
     Radiant coil out| 825.453 0.0329 0.4275 0.0101 0.0141 0.0107 0.5235  2.250
     TLE volume   out| 804.741 0.0365 0.4443 0.0109 0.0149 0.0131 0.5499  2.250
     --------------------------------------------------------------------------

                                                           * * *   * * *
                                                          *     * *     *
     EFPS - VER. 6    REV.08 K.S.9306                    * P Y R O T E C *
     ********************************                     *     * *     *
     COPYRIGHT  -  2006  TECHNIP BENELUX B.V.              * * *   * * *

     CLIENT   : TOTAL PETROCHEMICALS RESEARCH FELUY - EFPS 6                
     JOB NAME : SPYRO ETHANE FURNACE NC3                
     ACCOUNT  : MJ                 USER    : TPRF            
     DATE     : JAN 01, 2000       TIME    : 00:00:00





     ECHO PRINT OF INPUT DATA
     ************************


    1 :  KEYW=&SPYRO
    2 :      USER=&TPRF
    3 :      ACCOUNT=&MJ
    4 :      JOBNAME=&SPYRO/ETHANE/FURNACE/NC3
    5 :  KEYW=&TOPF
    6 :  KEYW=&INPUT
    7 :      UNIT=0
    8 :  KEYW=&OUTPUT
    9 :      UNIT=0, NOUT=2, DTM=0
   10 :  KEYW=&TYPE
   11 :      TYPE=1, NSTEP=2, ITMAX=10, DAYS=1
   12 :  KEYW=&TITLE
   13 :      TITLE=&B100/Ethane/for/TRA/Off/gases/study/2010
   14 :  KEYW=&SPEC
   15 :      KEYC=&C2H6, CONOP=5, CONVAL=55, TOLER=0.0001, XADIA=0.1
   16 :  KEYW=&GEOM
   17 :      NTUBE=1, DIAM=0.1207, TUBEL=7.50, THICK=0.0076, SPLIT=1, STAG=1,*
   18 :      PITCH=1.870, ABRES=20, COKEL=0.0005, HCOE=1, FRIC=1.25
   19 :  KEYW=&GEOM
   20 :      NTUBE=7, DIAM=0.1207, TUBEL=6.7, THICK=0.0076, SPLIT=1, STAG=1,*
   21 :      PITCH=1.870, ABRES=20, COKEL=0.0025, HCOE=1, FRIC=1.25
   22 :  KEYW=&GEOM
   23 :      NTUBE=5, DIAM=0.1207, TUBEL=6.7, THICK=0.0076, SPLIT=1, STAG=1,*
   24 :      PITCH=1.87, ABRES=20, COKEL=0.005, HCOE=1, FRIC=1.25, FLUXP=0.1,*
   25 :      TEMPO=825, TRVOL=80
   26 :  KEYW=&RATE
   27 :      FLOWR=3250, STEAM=975, TEMPI=662.0, POUT=2.25, FOULC=0.0001, PARCO=1.0
   28 :  KEYW=&FEED
   29 :      IPO=1, COKAD=1.0
   30 :  KEYW=&NAME
   31 :      C2H4=0.52, C2H6=98.61, C3H6=0.82, C3H8=0.04, C3H4=0.01, END
   32 :  KEYW=&ENDF


     CALCULATIONS FINALIZED
     **********************


     OUTPUT FILENAME(S) : 


       NORMAL  OUTPUT     FILE   -  B100_55-_conversion.OUT                     
